proguard/seeds.txt
com.mining.app.zxing.view.ViewfinderView
com.mining.app.zxing.view.ViewfinderView: ViewfinderView(android.content.Context,android.util.AttributeSet)
com.nh.sfcooper.dialog.RoundProgressBar
com.nh.sfcooper.dialog.RoundProgressBar: RoundProgressBar(android.content.Context)
com.nh.sfcooper.dialog.RoundProgressBar: RoundProgressBar(android.content.Context,android.util.AttributeSet)
com.nh.sfcooper.dialog.RoundProgressBar: RoundProgressBar(android.content.Context,android.util.AttributeSet,int)
com.nh.sfcooper.ui.CaptureActivity
com.nh.sfcooper.ui.CaptureActivity: CaptureActivity()
com.nh.sfcooper.ui.DeliveryRequestActivity
com.nh.sfcooper.ui.DeliveryRequestActivity: DeliveryRequestActivity()
com.nh.sfcooper.ui.IndexActivity
com.nh.sfcooper.ui.IndexActivity: IndexActivity()
com.nh.sfcooper.ui.OpreateHistory
com.nh.sfcooper.ui.OpreateHistory: OpreateHistory()
com.nh.sfcooper.ui.QueryResultActivity
com.nh.sfcooper.ui.QueryResultActivity: QueryResultActivity()
com.nh.sfcooper.ui.SplashActivity
com.nh.sfcooper.ui.SplashActivity: SplashActivity()
com.nh.sfcooper.ui.base.BaseActivity: BaseActivity()