proguard/mapping.txt
com.mining.app.zxing.decoding.DecodeHandler -> com.mining.app.zxing.b.d:
    java.lang.String TAG -> a
    com.nh.sfcooper.ui.CaptureActivity activity -> b
    com.google.zxing.MultiFormatReader multiFormatReader -> c
    void handleMessage(android.os.Message) -> handleMessage
com.mining.app.zxing.decoding.DecodeThread -> com.mining.app.zxing.b.e:
    com.nh.sfcooper.ui.CaptureActivity activity -> a
    java.util.Hashtable hints -> b
    android.os.Handler handler -> c
    java.util.concurrent.CountDownLatch handlerInitLatch -> d
    android.os.Handler getHandler() -> a
    void run() -> run
com.mining.app.zxing.decoding.FinishListener -> com.mining.app.zxing.b.f:
    android.app.Activity activityToFinish -> a
    void onCancel(android.content.DialogInterface) -> onCancel
    void onClick(android.content.DialogInterface,int) -> onClick
    void run() -> run
com.mining.app.zxing.decoding.InactivityTimer -> com.mining.app.zxing.b.g:
    java.util.concurrent.ScheduledExecutorService inactivityTimer -> a
    android.app.Activity activity -> b
    java.util.concurrent.ScheduledFuture inactivityFuture -> c
    void onActivity() -> a
    void cancel() -> c
    void shutdown() -> b
com.mining.app.zxing.decoding.InactivityTimer$DaemonThreadFactory -> com.mining.app.zxing.b.h:
    java.lang.Thread newThread(java.lang.Runnable) -> newThread
com.mining.app.zxing.decoding.RGBLuminanceSource -> com.mining.app.zxing.b.i:
    byte[] luminances -> a
    byte[] getRow(int,byte[]) -> a
    byte[] getMatrix() -> a
com.mining.app.zxing.view.ViewfinderView -> com.mining.app.zxing.view.ViewfinderView:
    int ScreenRate -> a
    float density -> b
    android.graphics.Paint paint -> c
    int slideTop -> d
    android.graphics.Bitmap resultBitmap -> e
    int maskColor -> f
    int resultColor -> g
    int resultPointColor -> h
    java.util.Collection possibleResultPoints -> i
    java.util.Collection lastPossibleResultPoints -> j
    boolean isFirst -> k
    void onDraw(android.graphics.Canvas) -> onDraw
    void drawViewfinder() -> a
    void addPossibleResultPoint(com.google.zxing.ResultPoint) -> a
com.nh.sfcooper.AppManager -> com.nh.sfcooper.a:
    java.util.Stack mActivityStack -> a
    com.nh.sfcooper.AppManager mAppManager -> b
    com.nh.sfcooper.AppManager getInstance() -> a
    void AppExit(android.content.Context) -> a
    void addActivity(android.app.Activity) -> a
    void killAllActivity() -> b
com.nh.sfcooper.R$styleable -> com.nh.sfcooper.b:
    int[] RoundProgressBar -> a
com.nh.sfcooper.adapter.OpreaterHistoryAdapter -> com.nh.sfcooper.a.a:
    android.view.LayoutInflater inflater -> a
    java.util.List data -> b
    int getCount() -> getCount
    java.lang.Object getItem(int) -> getItem
    long getItemId(int) -> getItemId
    android.view.View getView(int,android.view.View,android.view.ViewGroup) -> getView
com.nh.sfcooper.adapter.OpreaterHistoryAdapter$ViewHolder -> com.nh.sfcooper.a.b:
    android.widget.TextView title -> a
    android.widget.TextView time -> b
    android.widget.TextView content -> c
com.nh.sfcooper.config.Constants -> com.nh.sfcooper.b.a:
    java.lang.String SD_PATH -> b
    java.lang.String BASE_PATH -> c
    java.lang.String BASE_IMAGE_CACHE -> a
com.nh.sfcooper.dialog.LoadingDialog -> com.nh.sfcooper.dialog.a:
    java.lang.String msg -> a
    android.widget.TextView txt -> b
    com.nh.sfcooper.dialog.RoundProgressBar progressBar -> c
    android.widget.ImageView normal_loading_bar -> d
    android.graphics.drawable.AnimationDrawable mAnimation -> e
    void onCreate(android.os.Bundle) -> onCreate
    void setProgress(int) -> a
    android.graphics.drawable.AnimationDrawable access$0(com.nh.sfcooper.dialog.LoadingDialog) -> a
com.nh.sfcooper.dialog.LoadingDialog$1 -> com.nh.sfcooper.dialog.b:
    com.nh.sfcooper.dialog.LoadingDialog this$0 -> a
    void run() -> run