proguard/usage.txt
com.nostra13.universalimageloader.core.decode.BaseImageDecoder$ExifInfo
com.nostra13.universalimageloader.core.decode.BaseImageDecoder$ImageFileInfo
com.nostra13.universalimageloader.core.decode.ImageDecoder:
    public abstract android.graphics.Bitmap decode(com.nostra13.universalimageloader.core.decode.ImageDecodingInfo)
com.nostra13.universalimageloader.core.decode.ImageDecodingInfo
com.nostra13.universalimageloader.core.display.BitmapDisplayer:
    public abstract android.graphics.Bitmap display(android.graphics.Bitmap,android.widget.ImageView,com.nostra13.universalimageloader.core.assist.LoadedFrom)
com.nostra13.universalimageloader.core.display.FadeInBitmapDisplayer
com.nostra13.universalimageloader.core.display.FakeBitmapDisplayer:
    37:37:public android.graphics.Bitmap display(android.graphics.Bitmap,android.widget.ImageView,com.nostra13.universalimageloader.core.assist.LoadedFrom)
com.nostra13.universalimageloader.core.display.RoundedBitmapDisplayer
com.nostra13.universalimageloader.core.display.RoundedBitmapDisplayer$1
com.nostra13.universalimageloader.core.display.SimpleBitmapDisplayer:
    31:32:public android.graphics.Bitmap display(android.graphics.Bitmap,android.widget.ImageView,com.nostra13.universalimageloader.core.assist.LoadedFrom)
com.nostra13.universalimageloader.core.download.BaseImageDownloader:
    public static final int DEFAULT_HTTP_CONNECT_TIMEOUT
    public static final int DEFAULT_HTTP_READ_TIMEOUT
    protected static final int BUFFER_SIZE
    protected static final java.lang.String ALLOWED_URI_CHARS
    protected static final int MAX_REDIRECT_COUNT
    private static final java.lang.String ERROR_UNSUPPORTED_SCHEME
    73:87:public java.io.InputStream getStream(java.lang.String,java.lang.Object)
    102:110:protected java.io.InputStream getStreamFromNetwork(java.lang.String,java.lang.Object)
    123:127:protected java.net.HttpURLConnection createConnection(java.lang.String)
    140:141:protected java.io.InputStream getStreamFromFile(java.lang.String,java.lang.Object)
    154:156:protected java.io.InputStream getStreamFromContent(java.lang.String,java.lang.Object)
    169:170:protected java.io.InputStream getStreamFromAssets(java.lang.String,java.lang.Object)
    182:189:protected java.io.InputStream getStreamFromDrawable(java.lang.String,java.lang.Object)
    206:206:protected java.io.InputStream getStreamFromOtherSource(java.lang.String,java.lang.Object)
com.nostra13.universalimageloader.core.download.BaseImageDownloader$1
com.nostra13.universalimageloader.core.download.HttpClientImageDownloader
com.nostra13.universalimageloader.core.download.ImageDownloader:
    public abstract java.io.InputStream getStream(java.lang.String,java.lang.Object)
com.nostra13.universalimageloader.core.download.ImageDownloader$Scheme
com.nostra13.universalimageloader.core.download.NetworkDeniedImageDownloader:
    38:43:public java.io.InputStream getStream(java.lang.String,java.lang.Object)
com.nostra13.universalimageloader.core.download.NetworkDeniedImageDownloader$1
com.nostra13.universalimageloader.core.download.SlowNetworkImageDownloader:
    40:46:public java.io.InputStream getStream(java.lang.String,java.lang.Object)
com.nostra13.universalimageloader.core.download.SlowNetworkImageDownloader$1
com.nostra13.universalimageloader.core.process.BitmapProcessor:
    public abstract android.graphics.Bitmap process(android.graphics.Bitmap)
com.nostra13.universalimageloader.utils.ImageSizeUtils
com.nostra13.universalimageloader.utils.ImageSizeUtils$1
com.nostra13.universalimageloader.utils.IoUtils